<?xml version="1.0" encoding="UTF-8"?>
<coverage generated="1512817839618" clover="3.2.0">
  <project timestamp="1512817839619" name="All files">
    <metrics statements="24" coveredstatements="18" conditionals="4" coveredconditionals="0" methods="12" coveredmethods="10" elements="40" coveredelements="28" complexity="0" loc="24" ncloc="24" packages="2" files="5" classes="5">
      <package name="src">
        <metrics statements="8" coveredstatements="2" conditionals="4" coveredconditionals="0" methods="2" coveredmethods="0"/>
        <file name="index.js" path="/Users/joshbryson/react_testing/notetoself/src/index.js">
          <metrics statements="5" coveredstatements="0" conditionals="4" coveredconditionals="0" methods="1" coveredmethods="0"/>
          <line num="1" count="0" type="stmt"/>
          <line num="2" count="0" type="stmt"/>
          <line num="3" count="0" type="stmt"/>
          <line num="4" count="0" type="cond" truecount="0" falsecount="4"/>
          <line num="6" count="0" type="stmt"/>
        </file>
        <file name="setupTests.js" path="/Users/joshbryson/react_testing/notetoself/src/setupTests.js">
          <metrics statements="1" coveredstatements="1" conditionals="0" coveredconditionals="0" methods="0" coveredmethods="0"/>
          <line num="6" count="2" type="stmt"/>
        </file>
        <file name="tempPolyfills.js" path="/Users/joshbryson/react_testing/notetoself/src/tempPolyfills.js">
          <metrics statements="2" coveredstatements="1" conditionals="0" coveredconditionals="0" methods="1" coveredmethods="0"/>
          <line num="3" count="2" type="stmt"/>
          <line num="4" count="0" type="stmt"/>
        </file>
      </package>
      <package name="src.components">
        <metrics statements="16" coveredstatements="16" conditionals="0" coveredconditionals="0" methods="10" coveredmethods="10"/>
        <file name="app.js" path="/Users/joshbryson/react_testing/notetoself/src/components/app.js">
          <metrics statements="15" coveredstatements="15" conditionals="0" coveredconditionals="0" methods="9" coveredmethods="9"/>
          <line num="6" count="1" type="stmt"/>
          <line num="10" count="2" type="stmt"/>
          <line num="12" count="2" type="stmt"/>
          <line num="19" count="2" type="stmt"/>
          <line num="23" count="3" type="stmt"/>
          <line num="25" count="3" type="stmt"/>
          <line num="27" count="3" type="stmt"/>
          <line num="29" count="3" type="stmt"/>
          <line num="33" count="4" type="stmt"/>
          <line num="35" count="4" type="stmt"/>
          <line num="39" count="15" type="stmt"/>
          <line num="43" count="4" type="stmt"/>
          <line num="45" count="3" type="stmt"/>
          <line num="49" count="4" type="stmt"/>
          <line num="55" count="4" type="stmt"/>
        </file>
        <file name="note.js" path="/Users/joshbryson/react_testing/notetoself/src/components/note.js">
          <metrics statements="1" coveredstatements="1" conditionals="0" coveredconditionals="0" methods="1" coveredmethods="1"/>
          <line num="5" count="5" type="stmt"/>
        </file>
      </package>
    </metrics>
  </project>
</coverage>
